1670750776296	connected_players	1
1670750776960	connected_players	2
1670750777994	connected_players	3
1670750778936	connected_players	4
1670750779952	connected_players	5
1670750780940	connected_players	6
1670750781937	connected_players	7
1670750782953	connected_players	8
1670750783917	connected_players	9
1670750784917	connected_players	10
1670750785922	connected_players	11
1670750786922	connected_players	12
1670750787923	connected_players	13
1670750788917	connected_players	14
1670750789917	connected_players	15
1670750790918	connected_players	16
1670750791928	connected_players	17
1670750792916	connected_players	18
1670750793917	connected_players	19
1670750794920	connected_players	20
1670750795929	connected_players	21
1670750796930	connected_players	22
1670750797917	connected_players	23
1670750798917	connected_players	24
1670750799916	connected_players	25
1670750800915	connected_players	26
1670750801917	connected_players	27
1670750802917	connected_players	28
1670750803916	connected_players	29
1670750804933	connected_players	30
1670750805917	connected_players	31
1670750806924	connected_players	32
1670750807917	connected_players	33
1670750808916	connected_players	34
1670750809916	connected_players	35
1670750810916	connected_players	36
1670750811928	connected_players	37
1670750812916	connected_players	38
1670750813921	connected_players	39
1670750814935	connected_players	40
1670750815923	connected_players	41
1670750816957	connected_players	42
1670750817932	connected_players	43
1670750818928	connected_players	44
1670750819926	connected_players	45
1670750820920	connected_players	46
1670750821918	connected_players	47
1670750822916	connected_players	48
1670750823937	connected_players	49
1670750824936	connected_players	50
1670750825927	connected_players	51
1670750826918	connected_players	52
1670750827939	connected_players	53
1670750828948	connected_players	54
1670750829929	connected_players	55
1670750830921	connected_players	56
1670750831972	connected_players	57
1670750832943	connected_players	58
1670750833929	connected_players	59
1670750835052	connected_players	60
1670750836037	connected_players	61
1670750836926	connected_players	62
1670750837926	connected_players	63
1670750838939	connected_players	64
1670750839940	connected_players	65
1670750840964	connected_players	66
1670750842418	connected_players	67
1670750842971	connected_players	68
1670750844192	connected_players	69
1670750845281	connected_players	70
1670750846532	connected_players	71
1670750847034	connected_players	72
1670750848003	connected_players	73
1670750848952	connected_players	74
1670750850058	connected_players	75
1670750850989	connected_players	76
1670750851946	connected_players	77
1670750852984	connected_players	78
1670750854158	connected_players	79
1670750855236	connected_players	80
1670750856137	connected_players	81
1670750856996	connected_players	82
1670750858779	connected_players	83
1670750859134	connected_players	84
1670750860632	connected_players	85
1670750862183	connected_players	86
1670750862376	connected_players	87
1670750864661	connected_players	88
1670750864795	connected_players	89
1670750865731	connected_players	90
1670750867534	connected_players	91
1670750867876	connected_players	92
1670750869693	connected_players	93
1670750870705	connected_players	94
1670750870885	connected_players	95
1670750873121	connected_players	96
1670750873737	connected_players	97
1670750873892	connected_players	98
